mode: set
final-project/controllers/users_controllers.go:19.51,21.21 2 1
final-project/controllers/users_controllers.go:24.2,25.16 2 1
final-project/controllers/users_controllers.go:28.2,28.18 1 1
final-project/controllers/users_controllers.go:31.2,31.88 1 1
final-project/controllers/users_controllers.go:21.21,23.3 1 1
final-project/controllers/users_controllers.go:25.16,27.3 1 0
final-project/controllers/users_controllers.go:28.18,30.3 1 0
final-project/controllers/users_controllers.go:35.47,39.42 4 1
final-project/controllers/users_controllers.go:42.2,42.16 1 1
final-project/controllers/users_controllers.go:45.2,46.14 2 1
final-project/controllers/users_controllers.go:49.2,49.17 1 1
final-project/controllers/users_controllers.go:53.2,53.87 1 1
final-project/controllers/users_controllers.go:39.42,41.3 1 0
final-project/controllers/users_controllers.go:42.16,44.3 1 0
final-project/controllers/users_controllers.go:46.14,48.3 1 0
final-project/controllers/users_controllers.go:49.17,51.3 1 0
final-project/controllers/users_controllers.go:57.50,63.16 5 1
final-project/controllers/users_controllers.go:66.2,66.72 1 1
final-project/controllers/users_controllers.go:69.2,70.16 2 1
final-project/controllers/users_controllers.go:73.2,74.16 2 1
final-project/controllers/users_controllers.go:77.2,77.32 1 1
final-project/controllers/users_controllers.go:80.2,81.16 2 1
final-project/controllers/users_controllers.go:84.2,84.41 1 1
final-project/controllers/users_controllers.go:89.2,89.16 1 1
final-project/controllers/users_controllers.go:93.2,93.16 1 1
final-project/controllers/users_controllers.go:96.2,96.84 1 1
final-project/controllers/users_controllers.go:63.16,65.3 1 1
final-project/controllers/users_controllers.go:66.72,68.3 1 1
final-project/controllers/users_controllers.go:70.16,72.3 1 1
final-project/controllers/users_controllers.go:74.16,76.3 1 1
final-project/controllers/users_controllers.go:77.32,79.3 1 1
final-project/controllers/users_controllers.go:81.16,83.3 1 1
final-project/controllers/users_controllers.go:84.41,86.3 1 1
final-project/controllers/users_controllers.go:86.8,88.3 1 1
final-project/controllers/users_controllers.go:89.16,92.3 2 1
final-project/controllers/users_controllers.go:93.16,95.3 1 1
final-project/controllers/users_controllers.go:100.50,103.37 3 0
final-project/controllers/users_controllers.go:106.2,106.16 1 0
final-project/controllers/users_controllers.go:109.2,110.17 2 0
final-project/controllers/users_controllers.go:113.2,115.84 2 0
final-project/controllers/users_controllers.go:103.37,105.3 1 0
final-project/controllers/users_controllers.go:106.16,108.3 1 0
final-project/controllers/users_controllers.go:110.17,112.3 1 0
final-project/controllers/users_controllers.go:119.50,122.37 3 1
final-project/controllers/users_controllers.go:125.2,125.16 1 1
final-project/controllers/users_controllers.go:129.2,130.17 2 1
final-project/controllers/users_controllers.go:133.2,138.15 5 1
final-project/controllers/users_controllers.go:141.2,141.69 1 1
final-project/controllers/users_controllers.go:144.2,145.15 2 1
final-project/controllers/users_controllers.go:148.2,149.15 2 1
final-project/controllers/users_controllers.go:152.2,152.29 1 1
final-project/controllers/users_controllers.go:155.2,156.15 2 1
final-project/controllers/users_controllers.go:159.2,159.38 1 1
final-project/controllers/users_controllers.go:164.2,164.15 1 1
final-project/controllers/users_controllers.go:168.2,168.15 1 1
final-project/controllers/users_controllers.go:171.2,171.84 1 1
final-project/controllers/users_controllers.go:122.37,124.3 1 0
final-project/controllers/users_controllers.go:125.16,127.3 1 0
final-project/controllers/users_controllers.go:130.17,132.3 1 0
final-project/controllers/users_controllers.go:138.15,140.3 1 0
final-project/controllers/users_controllers.go:141.69,143.3 1 0
final-project/controllers/users_controllers.go:145.15,147.3 1 0
final-project/controllers/users_controllers.go:149.15,151.3 1 0
final-project/controllers/users_controllers.go:152.29,154.3 1 0
final-project/controllers/users_controllers.go:156.15,158.3 1 0
final-project/controllers/users_controllers.go:159.38,161.3 1 0
final-project/controllers/users_controllers.go:161.8,163.3 1 1
final-project/controllers/users_controllers.go:164.15,167.3 2 1
final-project/controllers/users_controllers.go:168.15,170.3 1 0
final-project/controllers/users_controllers.go:175.49,181.14 6 1
final-project/controllers/users_controllers.go:184.2,184.84 1 1
final-project/controllers/users_controllers.go:181.14,183.3 1 1
final-project/controllers/users_controllers.go:188.51,190.2 1 1
final-project/controllers/users_controllers.go:193.55,195.2 1 1
final-project/controllers/users_controllers.go:198.54,200.2 1 1
final-project/controllers/users_controllers.go:203.54,205.2 1 0
final-project/controllers/group_product_controllers.go:16.58,23.21 6 0
final-project/controllers/group_product_controllers.go:26.2,26.16 1 0
final-project/controllers/group_product_controllers.go:30.2,45.30 13 0
final-project/controllers/group_product_controllers.go:49.2,50.15 2 0
final-project/controllers/group_product_controllers.go:54.2,54.84 1 0
final-project/controllers/group_product_controllers.go:23.21,25.3 1 0
final-project/controllers/group_product_controllers.go:26.16,28.3 1 0
final-project/controllers/group_product_controllers.go:45.30,47.3 1 0
final-project/controllers/group_product_controllers.go:50.15,52.3 1 0
final-project/controllers/group_product_controllers.go:57.59,60.16 3 0
final-project/controllers/group_product_controllers.go:63.2,64.17 2 0
final-project/controllers/group_product_controllers.go:67.2,67.14 1 0
final-project/controllers/group_product_controllers.go:70.2,70.87 1 0
final-project/controllers/group_product_controllers.go:60.16,62.3 1 0
final-project/controllers/group_product_controllers.go:64.17,66.3 1 0
final-project/controllers/group_product_controllers.go:67.14,69.3 1 0
final-project/controllers/group_product_controllers.go:72.67,75.16 3 0
final-project/controllers/group_product_controllers.go:78.2,79.17 2 0
final-project/controllers/group_product_controllers.go:82.2,82.14 1 0
final-project/controllers/group_product_controllers.go:85.2,85.87 1 0
final-project/controllers/group_product_controllers.go:75.16,77.3 1 0
final-project/controllers/group_product_controllers.go:79.17,81.3 1 0
final-project/controllers/group_product_controllers.go:82.14,84.3 1 0
final-project/controllers/group_product_controllers.go:89.58,91.17 2 0
final-project/controllers/group_product_controllers.go:94.2,94.16 1 0
final-project/controllers/group_product_controllers.go:97.2,97.87 1 0
final-project/controllers/group_product_controllers.go:91.17,93.3 1 0
final-project/controllers/group_product_controllers.go:94.16,96.3 1 0
final-project/controllers/group_product_controllers.go:100.64,102.27 2 0
final-project/controllers/group_product_controllers.go:105.2,106.17 2 0
final-project/controllers/group_product_controllers.go:109.2,109.14 1 0
final-project/controllers/group_product_controllers.go:112.2,112.87 1 0
final-project/controllers/group_product_controllers.go:102.27,104.3 1 0
final-project/controllers/group_product_controllers.go:106.17,108.3 1 0
final-project/controllers/group_product_controllers.go:109.14,111.3 1 0
final-project/controllers/group_product_controllers.go:115.58,118.37 3 0
final-project/controllers/group_product_controllers.go:121.2,122.23 2 0
final-project/controllers/group_product_controllers.go:125.2,125.16 1 0
final-project/controllers/group_product_controllers.go:128.2,129.17 2 0
final-project/controllers/group_product_controllers.go:132.2,134.84 2 0
final-project/controllers/group_product_controllers.go:118.37,120.3 1 0
final-project/controllers/group_product_controllers.go:122.23,124.3 1 0
final-project/controllers/group_product_controllers.go:125.16,127.3 1 0
final-project/controllers/group_product_controllers.go:129.17,131.3 1 0
final-project/controllers/order_controllers.go:16.51,20.15 4 0
final-project/controllers/order_controllers.go:24.2,39.27 12 0
final-project/controllers/order_controllers.go:42.2,42.33 1 0
final-project/controllers/order_controllers.go:45.2,46.17 2 0
final-project/controllers/order_controllers.go:49.2,49.38 1 0
final-project/controllers/order_controllers.go:52.2,52.76 1 0
final-project/controllers/order_controllers.go:20.15,22.3 1 0
final-project/controllers/order_controllers.go:39.27,41.3 1 0
final-project/controllers/order_controllers.go:42.33,44.3 1 0
final-project/controllers/order_controllers.go:46.17,48.3 1 0
final-project/controllers/order_controllers.go:49.38,51.3 1 0
final-project/controllers/order_controllers.go:52.76,54.3 1 0
final-project/controllers/order_controllers.go:54.8,58.34 2 0
final-project/controllers/order_controllers.go:61.3,61.28 1 0
final-project/controllers/order_controllers.go:64.3,64.17 1 0
final-project/controllers/order_controllers.go:67.3,67.88 1 0
final-project/controllers/order_controllers.go:58.34,60.4 1 0
final-project/controllers/order_controllers.go:61.28,63.4 1 0
final-project/controllers/order_controllers.go:64.17,66.4 1 0
final-project/controllers/order_controllers.go:71.57,73.16 2 0
final-project/controllers/order_controllers.go:76.2,79.47 3 0
final-project/controllers/order_controllers.go:82.2,82.17 1 0
final-project/controllers/order_controllers.go:85.2,85.14 1 0
final-project/controllers/order_controllers.go:88.2,88.87 1 0
final-project/controllers/order_controllers.go:73.16,75.3 1 0
final-project/controllers/order_controllers.go:79.47,81.3 1 0
final-project/controllers/order_controllers.go:82.17,84.3 1 0
final-project/controllers/order_controllers.go:85.14,87.3 1 0
final-project/controllers/order_controllers.go:91.57,93.16 2 0
final-project/controllers/order_controllers.go:96.2,99.21 3 0
final-project/controllers/order_controllers.go:102.2,102.17 1 0
final-project/controllers/order_controllers.go:105.2,105.14 1 0
final-project/controllers/order_controllers.go:108.2,108.87 1 0
final-project/controllers/order_controllers.go:93.16,95.3 1 0
final-project/controllers/order_controllers.go:99.21,101.3 1 0
final-project/controllers/order_controllers.go:102.17,104.3 1 0
final-project/controllers/order_controllers.go:105.14,107.3 1 0
final-project/controllers/order_controllers.go:111.57,113.16 2 0
final-project/controllers/order_controllers.go:116.2,119.41 3 0
final-project/controllers/order_controllers.go:122.2,122.17 1 0
final-project/controllers/order_controllers.go:125.2,125.14 1 0
final-project/controllers/order_controllers.go:128.2,128.87 1 0
final-project/controllers/order_controllers.go:113.16,115.3 1 0
final-project/controllers/order_controllers.go:119.41,121.3 1 0
final-project/controllers/order_controllers.go:122.17,124.3 1 0
final-project/controllers/order_controllers.go:125.14,127.3 1 0
final-project/controllers/order_controllers.go:131.51,134.16 3 0
final-project/controllers/order_controllers.go:137.2,140.21 3 0
final-project/controllers/order_controllers.go:144.2,146.17 3 0
final-project/controllers/order_controllers.go:150.2,151.16 2 0
final-project/controllers/order_controllers.go:155.2,156.14 2 0
final-project/controllers/order_controllers.go:159.2,159.87 1 0
final-project/controllers/order_controllers.go:134.16,136.3 1 0
final-project/controllers/order_controllers.go:140.21,142.3 1 0
final-project/controllers/order_controllers.go:146.17,148.3 1 0
final-project/controllers/order_controllers.go:151.16,153.3 1 0
final-project/controllers/order_controllers.go:156.14,158.3 1 0
final-project/controllers/order_controllers.go:162.51,165.37 3 0
final-project/controllers/order_controllers.go:168.2,168.16 1 0
final-project/controllers/order_controllers.go:171.2,172.17 2 0
final-project/controllers/order_controllers.go:175.2,177.84 2 0
final-project/controllers/order_controllers.go:165.37,167.3 1 0
final-project/controllers/order_controllers.go:168.16,170.3 1 0
final-project/controllers/order_controllers.go:172.17,174.3 1 0
final-project/controllers/products_controllers.go:36.53,46.16 7 0
final-project/controllers/products_controllers.go:50.2,51.16 2 0
final-project/controllers/products_controllers.go:55.2,60.87 5 0
final-project/controllers/products_controllers.go:64.2,64.29 1 0
final-project/controllers/products_controllers.go:69.2,78.42 7 0
final-project/controllers/products_controllers.go:82.2,82.35 1 0
final-project/controllers/products_controllers.go:86.2,88.16 3 0
final-project/controllers/products_controllers.go:93.2,103.16 4 0
final-project/controllers/products_controllers.go:112.2,112.16 1 0
final-project/controllers/products_controllers.go:116.2,116.84 1 0
final-project/controllers/products_controllers.go:46.16,48.3 1 0
final-project/controllers/products_controllers.go:51.16,53.3 1 0
final-project/controllers/products_controllers.go:60.87,62.3 1 0
final-project/controllers/products_controllers.go:64.29,66.3 1 0
final-project/controllers/products_controllers.go:66.8,66.41 1 0
final-project/controllers/products_controllers.go:66.41,68.3 1 0
final-project/controllers/products_controllers.go:78.42,80.3 1 0
final-project/controllers/products_controllers.go:82.35,84.3 1 0
final-project/controllers/products_controllers.go:88.16,91.3 2 0
final-project/controllers/products_controllers.go:103.16,106.22 3 0
final-project/controllers/products_controllers.go:110.3,110.49 1 0
final-project/controllers/products_controllers.go:106.22,108.4 1 0
final-project/controllers/products_controllers.go:112.16,115.3 1 0
final-project/controllers/products_controllers.go:120.53,122.20 2 0
final-project/controllers/products_controllers.go:125.2,125.16 1 0
final-project/controllers/products_controllers.go:128.2,128.90 1 0
final-project/controllers/products_controllers.go:122.20,124.3 1 0
final-project/controllers/products_controllers.go:125.16,127.3 1 0
final-project/controllers/products_controllers.go:132.54,134.16 2 0
final-project/controllers/products_controllers.go:137.2,138.20 2 0
final-project/controllers/products_controllers.go:141.2,141.14 1 0
final-project/controllers/products_controllers.go:144.2,144.90 1 0
final-project/controllers/products_controllers.go:134.16,136.3 1 0
final-project/controllers/products_controllers.go:138.20,140.3 1 0
final-project/controllers/products_controllers.go:141.14,143.3 1 0
final-project/controllers/products_controllers.go:148.53,151.21 3 0
final-project/controllers/products_controllers.go:154.2,154.16 1 0
final-project/controllers/products_controllers.go:157.2,158.20 2 0
final-project/controllers/products_controllers.go:161.2,169.16 6 0
final-project/controllers/products_controllers.go:173.2,174.26 2 0
final-project/controllers/products_controllers.go:220.2,230.16 4 0
final-project/controllers/products_controllers.go:239.2,239.16 1 0
final-project/controllers/products_controllers.go:243.2,243.84 1 0
final-project/controllers/products_controllers.go:151.21,153.3 1 0
final-project/controllers/products_controllers.go:154.16,156.3 1 0
final-project/controllers/products_controllers.go:158.20,160.3 1 0
final-project/controllers/products_controllers.go:169.16,171.3 1 0
final-project/controllers/products_controllers.go:174.26,175.17 1 0
final-project/controllers/products_controllers.go:179.3,184.88 5 0
final-project/controllers/products_controllers.go:188.3,188.30 1 0
final-project/controllers/products_controllers.go:193.3,202.43 7 0
final-project/controllers/products_controllers.go:206.3,206.36 1 0
final-project/controllers/products_controllers.go:210.3,212.17 3 0
final-project/controllers/products_controllers.go:175.17,177.4 1 0
final-project/controllers/products_controllers.go:184.88,186.4 1 0
final-project/controllers/products_controllers.go:188.30,190.4 1 0
final-project/controllers/products_controllers.go:190.9,190.42 1 0
final-project/controllers/products_controllers.go:190.42,192.4 1 0
final-project/controllers/products_controllers.go:202.43,204.4 1 0
final-project/controllers/products_controllers.go:206.36,208.4 1 0
final-project/controllers/products_controllers.go:212.17,214.4 1 0
final-project/controllers/products_controllers.go:215.8,219.3 3 0
final-project/controllers/products_controllers.go:230.16,233.22 3 0
final-project/controllers/products_controllers.go:237.3,237.56 1 0
final-project/controllers/products_controllers.go:233.22,235.4 1 0
final-project/controllers/products_controllers.go:239.16,242.3 1 0
final-project/controllers/products_controllers.go:247.53,250.21 3 0
final-project/controllers/products_controllers.go:253.2,253.16 1 0
final-project/controllers/products_controllers.go:256.2,257.20 2 0
final-project/controllers/products_controllers.go:260.2,261.84 2 0
final-project/controllers/products_controllers.go:250.21,252.3 1 0
final-project/controllers/products_controllers.go:253.16,255.3 1 0
final-project/controllers/products_controllers.go:257.20,259.3 1 0
